#-----------------------------------------------------------
# Vivado v2019.2 (64-bit)
# SW Build 2708876 on Wed Nov  6 21:40:23 MST 2019
# IP Build 2700528 on Thu Nov  7 00:09:20 MST 2019
# Start of session at: Fri Apr 16 13:07:32 2021
# Process ID: 9272
# Current directory: C:/Users/HASAN/Downloads/riscvVivadoBaslangic
# Command line: vivado.exe -gui_launcher_event rodinguilauncherevent9732 C:\Users\HASAN\Downloads\riscvVivadoBaslangic\riscvVivado.xpr
# Log file: C:/Users/HASAN/Downloads/riscvVivadoBaslangic/vivado.log
# Journal file: C:/Users/HASAN/Downloads/riscvVivadoBaslangic\vivado.jou
#-----------------------------------------------------------
start_gui
open_project -read_only -part xc7a35tcpg236-1 C:/Users/HASAN/Downloads/riscvVivadoBaslangic/riscvVivado.xpr
INFO: [Project 1-313] Project file moved from 'C:/Users/Emre/Desktop/riscv-simple-sv-master/riscvVivado' since last save.
Scanning sources...
Finished scanning sources
INFO: [Project 1-573] Overriding 'synth_1' run's part, 'xcvu190-flgc2104-1HV-e', with new part: 'xc7a35tcpg236-1'.
INFO: [Project 1-573] Overriding 'impl_1' run's part, 'xcvu190-flgc2104-1HV-e', with new part: 'xc7a35tcpg236-1'.
INFO: [Project 1-563] Overriding project part, 'xcvu190-flgc2104-1HV-e', with new part: 'xc7a35tcpg236-1'.
WARNING: [Project 1-229] Project 'riscvVivado.xpr' is read-only and therefore could not be upgraded for this version of Vivado.  Use 'File | Save Project As...' if you wish to save an upgraded copy.
INFO: [IP_Flow 19-234] Refreshing IP repositories
INFO: [IP_Flow 19-1704] No user IP repositories specified
INFO: [IP_Flow 19-2313] Loaded Vivado IP repository 'C:/Xilinx/Vivado/2019.2/data/ip'.
update_compile_order -fileset sources_1
exit
INFO: [Common 17-206] Exiting Vivado at Fri Apr 16 13:46:14 2021...
